2012/04/06 05:22:08 [error] [exception.CException] exception 'CException' with message 'CHttpRequest is unable to determine the request URI.' in C:\xampp\htdocs\work\framework\web\CHttpRequest.php:468
Stack trace:
#0 C:\xampp\htdocs\work\framework\web\CHttpRequest.php(381): CHttpRequest->getRequestUri()
#1 C:\xampp\htdocs\work\framework\web\CUrlManager.php(361): CHttpRequest->getPathInfo()
#2 C:\xampp\htdocs\work\framework\web\CWebApplication.php(134): CUrlManager->parseUrl(Object(CHttpRequest))
#3 C:\xampp\htdocs\work\framework\base\CApplication.php(162): CWebApplication->processRequest()
#4 C:\xampp\htdocs\work\data-aggregration\index.php(13): CApplication->run()
#5 {main}
---
2012/04/06 05:22:39 [error] [exception.CException] exception 'CException' with message 'CHttpRequest is unable to determine the request URI.' in C:\xampp\htdocs\work\framework\web\CHttpRequest.php:468
Stack trace:
#0 C:\xampp\htdocs\work\framework\web\CHttpRequest.php(381): CHttpRequest->getRequestUri()
#1 C:\xampp\htdocs\work\framework\web\CUrlManager.php(361): CHttpRequest->getPathInfo()
#2 C:\xampp\htdocs\work\framework\web\CWebApplication.php(134): CUrlManager->parseUrl(Object(CHttpRequest))
#3 C:\xampp\htdocs\work\framework\base\CApplication.php(162): CWebApplication->processRequest()
#4 C:\xampp\htdocs\work\data-aggregration\index.php(13): CApplication->run()
#5 {main}
---
2012/04/06 05:23:25 [error] [exception.CException] exception 'CException' with message 'CHttpRequest is unable to determine the request URI.' in C:\xampp\htdocs\work\framework\web\CHttpRequest.php:468
Stack trace:
#0 C:\xampp\htdocs\work\framework\web\CHttpRequest.php(381): CHttpRequest->getRequestUri()
#1 C:\xampp\htdocs\work\framework\web\CUrlManager.php(361): CHttpRequest->getPathInfo()
#2 C:\xampp\htdocs\work\framework\web\CWebApplication.php(134): CUrlManager->parseUrl(Object(CHttpRequest))
#3 C:\xampp\htdocs\work\framework\base\CApplication.php(162): CWebApplication->processRequest()
#4 C:\xampp\htdocs\work\data-aggregration\index.php(13): CApplication->run()
#5 {main}
---
2012/04/06 05:23:34 [error] [exception.CException] exception 'CException' with message 'CHttpRequest is unable to determine the request URI.' in C:\xampp\htdocs\work\framework\web\CHttpRequest.php:468
Stack trace:
#0 C:\xampp\htdocs\work\framework\web\CHttpRequest.php(381): CHttpRequest->getRequestUri()
#1 C:\xampp\htdocs\work\framework\web\CUrlManager.php(361): CHttpRequest->getPathInfo()
#2 C:\xampp\htdocs\work\framework\web\CWebApplication.php(134): CUrlManager->parseUrl(Object(CHttpRequest))
#3 C:\xampp\htdocs\work\framework\base\CApplication.php(162): CWebApplication->processRequest()
#4 C:\xampp\htdocs\work\data-aggregration\index.php(13): CApplication->run()
#5 {main}
---
2012/04/06 05:53:29 [error] [system.db.CDbCommand] CDbCommand::fetch() failed: SQLSTATE[42S02]: [Microsoft][SQL Server Native Client 10.0][SQL Server]Invalid object name 'tblClinic'.. The SQL statement executed was: SELECT TOP 1 * FROM tblClinic  .
2012/04/06 05:55:11 [error] [system.db.CDbCommand] CDbCommand::fetch() failed: SQLSTATE[42S02]: [Microsoft][SQL Server Native Client 10.0][SQL Server]Invalid object name 'tblClinic'.. The SQL statement executed was: SELECT * FROM tblClinic  .
2012/04/06 09:25:50 [error] [system.db.CDbCommand] CDbCommand::fetch() failed: SQLSTATE[42S02]: [Microsoft][SQL Server Native Client 10.0][SQL Server]Invalid object name 'tblClinic'.. The SQL statement executed was: SELECT TOP 1 * FROM tblClinic   .
in C:\xampp\htdocs\work\data-aggregration\protected\models\SiteConfig.php (83)
in C:\xampp\htdocs\work\data-aggregration\protected\controllers\SiteConfigController.php (123)
in C:\xampp\htdocs\work\data-aggregration\index.php (13)
2012/04/06 09:26:54 [error] [system.db.CDbCommand] CDbCommand::fetch() failed: SQLSTATE[42S02]: [Microsoft][SQL Server Native Client 10.0][SQL Server]Invalid object name 'tblClinic'.. The SQL statement executed was: SELECT TOP 1 * FROM tblClinic   .
in C:\xampp\htdocs\work\data-aggregration\protected\models\SiteConfig.php (83)
in C:\xampp\htdocs\work\data-aggregration\protected\controllers\SiteConfigController.php (123)
in C:\xampp\htdocs\work\data-aggregration\index.php (13)
2012/04/06 09:28:04 [error] [system.db.CDbCommand] CDbCommand::fetch() failed: SQLSTATE[42S02]: [Microsoft][SQL Server Native Client 10.0][SQL Server]Invalid object name 'tblClinic'.. The SQL statement executed was: SELECT TOP 1 * FROM tblClinic   .
in C:\xampp\htdocs\work\data-aggregration\protected\models\SiteConfig.php (83)
in C:\xampp\htdocs\work\data-aggregration\protected\controllers\SiteConfigController.php (123)
in C:\xampp\htdocs\work\data-aggregration\index.php (13)
2012/04/06 09:38:25 [error] [php] Trying to get property of non-object (C:\xampp\htdocs\work\data-aggregration\protected\views\user\index.php:33)
Stack trace:
#0 C:\xampp\htdocs\work\framework\web\CController.php(870): UserController->renderFile()
#1 C:\xampp\htdocs\work\framework\web\CController.php(783): UserController->renderPartial()
#2 C:\xampp\htdocs\work\data-aggregration\protected\controllers\UserController.php(152): UserController->render()
#3 C:\xampp\htdocs\work\framework\web\actions\CInlineAction.php(50): UserController->actionIndex()
#4 C:\xampp\htdocs\work\framework\web\CController.php(309): CInlineAction->runWithParams()
#5 C:\xampp\htdocs\work\framework\web\CController.php(287): UserController->runAction()
#6 C:\xampp\htdocs\work\framework\web\CController.php(266): UserController->runActionWithFilters()
#7 C:\xampp\htdocs\work\framework\web\CWebApplication.php(276): UserController->run()
#8 C:\xampp\htdocs\work\framework\web\CWebApplication.php(135): CWebApplication->runController()
#9 C:\xampp\htdocs\work\framework\base\CApplication.php(162): CWebApplication->processRequest()
#10 C:\xampp\htdocs\work\data-aggregration\index.php(13): CWebApplication->run()
REQUEST_URI=/work/data-aggregration/index.php/user/index
in C:\xampp\htdocs\work\data-aggregration\protected\views\user\index.php (33)
in C:\xampp\htdocs\work\data-aggregration\protected\controllers\UserController.php (152)
in C:\xampp\htdocs\work\data-aggregration\index.php (13)
2012/04/06 09:38:33 [error] [php] Trying to get property of non-object (C:\xampp\htdocs\work\data-aggregration\protected\views\user\index.php:33)
Stack trace:
#0 C:\xampp\htdocs\work\framework\web\CController.php(870): UserController->renderFile()
#1 C:\xampp\htdocs\work\framework\web\CController.php(783): UserController->renderPartial()
#2 C:\xampp\htdocs\work\data-aggregration\protected\controllers\UserController.php(152): UserController->render()
#3 C:\xampp\htdocs\work\framework\web\actions\CInlineAction.php(50): UserController->actionIndex()
#4 C:\xampp\htdocs\work\framework\web\CController.php(309): CInlineAction->runWithParams()
#5 C:\xampp\htdocs\work\framework\web\CController.php(287): UserController->runAction()
#6 C:\xampp\htdocs\work\framework\web\CController.php(266): UserController->runActionWithFilters()
#7 C:\xampp\htdocs\work\framework\web\CWebApplication.php(276): UserController->run()
#8 C:\xampp\htdocs\work\framework\web\CWebApplication.php(135): CWebApplication->runController()
#9 C:\xampp\htdocs\work\framework\base\CApplication.php(162): CWebApplication->processRequest()
#10 C:\xampp\htdocs\work\data-aggregration\index.php(13): CWebApplication->run()
REQUEST_URI=/work/data-aggregration/index.php/user
in C:\xampp\htdocs\work\data-aggregration\protected\views\user\index.php (33)
in C:\xampp\htdocs\work\data-aggregration\protected\controllers\UserController.php (152)
in C:\xampp\htdocs\work\data-aggregration\index.php (13)
2012/04/06 09:40:20 [error] [system.db.CDbCommand] CDbCommand::fetch() failed: SQLSTATE[42S02]: [Microsoft][SQL Server Native Client 10.0][SQL Server]Invalid object name 'tblClinic'.. The SQL statement executed was: SELECT TOP 1 * FROM tblClinic   .
in C:\xampp\htdocs\work\data-aggregration\protected\models\SiteConfig.php (83)
in C:\xampp\htdocs\work\data-aggregration\protected\controllers\SiteConfigController.php (123)
in C:\xampp\htdocs\work\data-aggregration\index.php (13)
2012/04/06 09:42:08 [error] [system.db.CDbCommand] CDbCommand::fetch() failed: SQLSTATE[42S02]: [Microsoft][SQL Server Native Client 10.0][SQL Server]Invalid object name 'tblClinic'.. The SQL statement executed was: SELECT TOP 1 * FROM tblClinic   .
in C:\xampp\htdocs\work\data-aggregration\protected\models\SiteConfig.php (83)
in C:\xampp\htdocs\work\data-aggregration\protected\controllers\SiteConfigController.php (126)
in C:\xampp\htdocs\work\data-aggregration\index.php (13)
2012/04/06 10:35:30 [error] [system.db.CDbCommand] CDbCommand::fetch() failed: SQLSTATE[42S02]: [Microsoft][SQL Server Native Client 10.0][SQL Server]Invalid object name 'tblClinic'.. The SQL statement executed was: SELECT TOP 1 * FROM tblClinic   .
in C:\xampp\htdocs\work\data-aggregration\protected\models\SiteConfig.php (83)
in C:\xampp\htdocs\work\data-aggregration\protected\controllers\SiteConfigController.php (126)
in C:\xampp\htdocs\work\data-aggregration\index.php (13)
2012/04/09 10:46:50 [error] [exception.CException] exception 'CException' with message 'CHttpRequest is unable to determine the request URI.' in C:\xampp\htdocs\work\framework\web\CHttpRequest.php:468
Stack trace:
#0 C:\xampp\htdocs\work\framework\web\CHttpRequest.php(381): CHttpRequest->getRequestUri()
#1 C:\xampp\htdocs\work\framework\web\CUrlManager.php(361): CHttpRequest->getPathInfo()
#2 C:\xampp\htdocs\work\framework\web\CWebApplication.php(134): CUrlManager->parseUrl(Object(CHttpRequest))
#3 C:\xampp\htdocs\work\framework\base\CApplication.php(162): CWebApplication->processRequest()
#4 C:\xampp\htdocs\work\data-aggregration\index.php(13): CApplication->run()
#5 {main}
---
2012/04/10 11:30:08 [error] [system.db.CDbCommand] CDbCommand::execute() failed: SQLSTATE[42000]: Syntax error or access violation: 1701 Cannot truncate a table referenced in a foreign key constraint (`server_oi_test`.`da_reject_conditions`, CONSTRAINT `fk_da_reject_conditions_import_site_history_id` FOREIGN KEY (`import_site_history_id`) REFERENCES `server_oi_test`.`da_import_site_historie). The SQL statement executed was: truncate table da_import_site_histories .
2012/04/10 11:30:48 [error] [system.db.CDbCommand] CDbCommand::execute() failed: SQLSTATE[42000]: Syntax error or access violation: 1701 Cannot truncate a table referenced in a foreign key constraint (`server_oi_test`.`da_reject_conditions`, CONSTRAINT `fk_da_reject_conditions_import_site_history_id` FOREIGN KEY (`import_site_history_id`) REFERENCES `server_oi_test`.`da_import_site_historie). The SQL statement executed was: truncate table da_import_site_histories .
2012/04/10 11:37:43 [error] [system.db.CDbCommand] CDbCommand::execute() failed: SQLSTATE[HY093]: Invalid parameter number: number of bound variables does not match number of tokens. The SQL statement executed was: REPLACE INTO tbleimain (clinicid,datevisit,dob,sex,addguardian,house,street,grou,village,commune,district,province,namecontps1,contaddress1,contphone1,fage,fhiv,fstatus,mage,moi,mart,hospital,mstatus,placedelivery,pmtct,datedelivery,statusdelivery,lenght,weight,bpregnancy,dtpregnancy,dpregnancy,art,arvpro,none,syrupnvp,cotrim,offyesno,transferin,hivtest) VALUES (?,?,?,?,?,?,?,?,?,?,?,?,?,?,?,?,?,?,?,?,?,?,?,?,?,?,?,?,?,?,?,?,?,?,?,?,?,?,?,?).
2012/04/10 11:41:17 [error] [system.db.CDbCommand] CDbCommand::execute() failed: SQLSTATE[HY093]: Invalid parameter number: number of bound variables does not match number of tokens. The SQL statement executed was: REPLACE INTO tbleimain (clinicid,datevisit,dob,sex,addguardian,house,street,grou,village,commune,district,province,namecontps1,contaddress1,contphone1,fage,fhiv,fstatus,mage,moi,mart,hospital,mstatus,placedelivery,pmtct,datedelivery,statusdelivery,lenght,weight,bpregnancy,dtpregnancy,dpregnancy,art,arvpro,none,syrupnvp,cotrim,offyesno,transferin,hivtest) VALUES (?,?,?,?,?,?,?,?,?,?,?,?,?,?,?,?,?,?,?,?,?,?,?,?,?,?,?,?,?,?,?,?,?,?,?,?,?,?,?,?).
2012/04/10 11:52:29 [error] [system.db.CDbCommand] CDbCommand::execute() failed: SQLSTATE[HY093]: Invalid parameter number: number of bound variables does not match number of tokens. The SQL statement executed was: REPLACE INTO tbleimain (clinicid,datevisit,dob,sex,addguardian,house,street,grou,village,commune,district,province,namecontps1,contaddress1,contphone1,fage,fhiv,fstatus,mage,moi,mart,hospital,mstatus,placedelivery,pmtct,datedelivery,statusdelivery,lenght,weight,bpregnancy,dtpregnancy,dpregnancy,art,arvpro,none,syrupnvp,cotrim,offyesno,transferin,hivtest) VALUES (?,?,?,?,?,?,?,?,?,?,?,?,?,?,?,?,?,?,?,?,?,?,?,?,?,?,?,?,?,?,?,?,?,?,?,?,?,?,?,?).
2012/04/10 12:13:23 [error] [system.db.CDbCommand] CDbCommand::fetchAll() failed: SQLSTATE[42S22]: [Microsoft][SQL Server Native Client 10.0][SQL Server]Invalid column name 'cid'.. The SQL statement executed was:  SELECT Lost.clinicid, Lost.cid  FROM 
  ( SELECT *  FROM tblevlostdead as L2 WHERE L2.status = 'lost' AND eid='1              ' )  AS Lost ,  ( SELECT *  FROM tblevlostdead as L1 WHERE L1.status = 'dead' AND eid='1              ' )  AS Dead 
 WHERE Lost.lddate > Dead.lddate 
 AND Lost.clinicid = Dead.clinicid  
 AND Lost.eid = Dead.eid  
 GROUP BY Lost.clinicid, Lost.eid .
2012/04/11 11:16:24 [error] [php] PDO::__construct() [<a href='pdo.--construct'>pdo.--construct</a>]: [2002] No connection could be made because the target machine actively refused it.
 (trying to connect via tcp://localhost:3306) (C:\xampp\htdocs\work\framework\db\CDbConnection.php:422)
Stack trace:
#0 C:\xampp\htdocs\work\framework\db\CDbConnection.php(331): CDbConnection->open()
#1 C:\xampp\htdocs\work\framework\db\CDbConnection.php(309): CDbConnection->setActive()
#2 C:\xampp\htdocs\work\framework\base\CModule.php(388): CDbConnection->init()
#3 C:\xampp\htdocs\work\framework\base\CApplication.php(431): CWebApplication->getComponent()
#4 C:\xampp\htdocs\work\framework\db\ar\CActiveRecord.php(615): CWebApplication->getDb()
#5 C:\xampp\htdocs\work\framework\db\ar\CActiveRecord.php(2263): RejectPatient->getDbConnection()
#6 C:\xampp\htdocs\work\framework\db\ar\CActiveRecord.php(379): CActiveRecordMetaData->__construct()
#7 C:\xampp\htdocs\work\framework\db\ar\CActiveRecord.php(394): model()
#8 C:\xampp\htdocs\work\framework\db\ar\CActiveRecord.php(78): RejectPatient->getMetaData()
#9 C:\xampp\htdocs\work\data-aggregration\protected\controllers\RejectPatientController.php(5): RejectPatient->__construct()
#10 C:\xampp\htdocs\work\framework\web\actions\CInlineAction.php(50): RejectPatientController->actionIndex()
#11 C:\xampp\htdocs\work\framework\web\CController.php(309): CInlineAction->runWithParams()
#12 C:\xampp\htdocs\work\framework\web\CController.php(287): RejectPatientController->runAction()
#13 C:\xampp\htdocs\work\framework\web\CController.php(266): RejectPatientController->runActionWithFilters()
#14 C:\xampp\htdocs\work\framework\web\CWebApplication.php(276): RejectPatientController->run()
#15 C:\xampp\htdocs\work\framework\web\CWebApplication.php(135): CWebApplication->runController()
#16 C:\xampp\htdocs\work\framework\base\CApplication.php(162): CWebApplication->processRequest()
#17 C:\xampp\htdocs\work\data-aggregration\index.php(13): CWebApplication->run()
REQUEST_URI=/work/data-aggregration/index.php/rejectpatient/index?import_site_history_id=3
in C:\xampp\htdocs\work\data-aggregration\protected\controllers\RejectPatientController.php (5)
in C:\xampp\htdocs\work\data-aggregration\index.php (13)
2012/04/18 06:18:21 [error] [php] Array to string conversion (C:\xampp\htdocs\work\framework\db\CDbCommand.php:251)
Stack trace:
#0 C:\xampp\htdocs\work\data-aggregration\protected\components\DaImportSequence.php(201): DaImportSequence->addRejectPatient()
#1 C:\xampp\htdocs\work\data-aggregration\protected\components\DaImportSequence.php(225): DaImportSequence->importIMain()
#2 C:\xampp\htdocs\work\data-aggregration\protected\components\DaImportSequence.php(108): DaImportSequence->importEiMain()
#3 C:\xampp\htdocs\work\data-aggregration\protected\components\DaImportSiteJob.php(11): DaImportSequence->start()
#4 C:\xampp\htdocs\work\data-aggregration\protected\vendors\djjob\DJJob.php(244): DaImportSiteJob->perform()
#5 C:\xampp\htdocs\work\data-aggregration\protected\vendors\djjob\DJJob.php(212): DJJob->run()
#6 C:\xampp\htdocs\work\data-aggregration\jobrunner.php(21): DJWorker->start()

in C:\xampp\htdocs\work\data-aggregration\protected\components\DaImportSequence.php (378)
in C:\xampp\htdocs\work\data-aggregration\protected\components\DaImportSequence.php (201)
in C:\xampp\htdocs\work\data-aggregration\protected\components\DaImportSequence.php (225)
2012/04/19 12:23:54 [error] [system.db.CDbCommand] CDbCommand::execute() failed: SQLSTATE[23000]: Integrity constraint violation: 1452 Cannot add or update a child row: a foreign key constraint fails (`server_oi_test`.`da_backups`, CONSTRAINT `fk_da_bakups_siteconfig_id` FOREIGN KEY (`siteconfig_id`) REFERENCES `da_siteconfigs` (`id`) ON DELETE CASCADE). The SQL statement executed was: INSERT INTO `da_backups` (`status`, `filename`, `siteconfig_id`, `created_at`, `modified_at`) VALUES (:yp0, :yp1, :yp2, :yp3, :yp4).
2012/04/19 12:28:21 [error] [system.db.CDbCommand] CDbCommand::execute() failed: SQLSTATE[23000]: Integrity constraint violation: 1452 Cannot add or update a child row: a foreign key constraint fails (`server_oi_test`.`da_backups`, CONSTRAINT `fk_da_bakups_siteconfig_id` FOREIGN KEY (`siteconfig_id`) REFERENCES `da_siteconfigs` (`id`) ON DELETE CASCADE). The SQL statement executed was: INSERT INTO `da_backups` (`status`, `filename`, `siteconfig_id`, `created_at`, `modified_at`) VALUES (:yp0, :yp1, :yp2, :yp3, :yp4).
2012/04/19 12:30:16 [error] [system.db.CDbCommand] CDbCommand::execute() failed: SQLSTATE[23000]: Integrity constraint violation: 1452 Cannot add or update a child row: a foreign key constraint fails (`server_oi_test`.`da_backups`, CONSTRAINT `fk_da_bakups_siteconfig_id` FOREIGN KEY (`siteconfig_id`) REFERENCES `da_siteconfigs` (`id`) ON DELETE CASCADE). The SQL statement executed was: INSERT INTO `da_backups` (`status`, `filename`, `siteconfig_id`, `created_at`, `modified_at`) VALUES (:yp0, :yp1, :yp2, :yp3, :yp4).
2012/04/19 12:31:51 [error] [system.db.CDbCommand] CDbCommand::execute() failed: SQLSTATE[23000]: Integrity constraint violation: 1452 Cannot add or update a child row: a foreign key constraint fails (`server_oi_test`.`da_backups`, CONSTRAINT `fk_da_bakups_siteconfig_id` FOREIGN KEY (`siteconfig_id`) REFERENCES `da_siteconfigs` (`id`) ON DELETE CASCADE). The SQL statement executed was: INSERT INTO `da_backups` (`status`, `filename`, `siteconfig_id`, `created_at`, `modified_at`) VALUES (:yp0, :yp1, :yp2, :yp3, :yp4).
2012/04/19 12:33:46 [error] [system.db.CDbCommand] CDbCommand::execute() failed: SQLSTATE[23000]: Integrity constraint violation: 1452 Cannot add or update a child row: a foreign key constraint fails (`server_oi_test`.`da_backups`, CONSTRAINT `fk_da_bakups_siteconfig_id` FOREIGN KEY (`siteconfig_id`) REFERENCES `da_siteconfigs` (`id`) ON DELETE CASCADE). The SQL statement executed was: INSERT INTO `da_backups` (`status`, `filename`, `siteconfig_id`, `created_at`, `modified_at`) VALUES (:yp0, :yp1, :yp2, :yp3, :yp4).
2012/04/19 12:36:19 [error] [system.db.CDbCommand] CDbCommand::execute() failed: SQLSTATE[23000]: Integrity constraint violation: 1452 Cannot add or update a child row: a foreign key constraint fails (`server_oi_test`.`da_backups`, CONSTRAINT `fk_da_bakups_siteconfig_id` FOREIGN KEY (`siteconfig_id`) REFERENCES `da_siteconfigs` (`id`) ON DELETE CASCADE). The SQL statement executed was: INSERT INTO `da_backups` (`status`, `filename`, `siteconfig_id`, `created_at`, `modified_at`) VALUES (:yp0, :yp1, :yp2, :yp3, :yp4).
2012/04/19 12:37:15 [error] [system.db.CDbCommand] CDbCommand::execute() failed: SQLSTATE[23000]: Integrity constraint violation: 1452 Cannot add or update a child row: a foreign key constraint fails (`server_oi_test`.`da_backups`, CONSTRAINT `fk_da_bakups_siteconfig_id` FOREIGN KEY (`siteconfig_id`) REFERENCES `da_siteconfigs` (`id`) ON DELETE CASCADE). The SQL statement executed was: INSERT INTO `da_backups` (`status`, `filename`, `siteconfig_id`, `created_at`, `modified_at`) VALUES (:yp0, :yp1, :yp2, :yp3, :yp4).
2012/04/19 12:38:04 [error] [system.db.CDbCommand] CDbCommand::execute() failed: SQLSTATE[23000]: Integrity constraint violation: 1452 Cannot add or update a child row: a foreign key constraint fails (`server_oi_test`.`da_backups`, CONSTRAINT `fk_da_bakups_siteconfig_id` FOREIGN KEY (`siteconfig_id`) REFERENCES `da_siteconfigs` (`id`) ON DELETE CASCADE). The SQL statement executed was: INSERT INTO `da_backups` (`status`, `filename`, `siteconfig_id`, `created_at`, `modified_at`) VALUES (:yp0, :yp1, :yp2, :yp3, :yp4).
2012/04/19 12:38:55 [error] [system.db.CDbCommand] CDbCommand::execute() failed: SQLSTATE[23000]: Integrity constraint violation: 1452 Cannot add or update a child row: a foreign key constraint fails (`server_oi_test`.`da_backups`, CONSTRAINT `fk_da_bakups_siteconfig_id` FOREIGN KEY (`siteconfig_id`) REFERENCES `da_siteconfigs` (`id`) ON DELETE CASCADE). The SQL statement executed was: INSERT INTO `da_backups` (`status`, `filename`, `siteconfig_id`, `created_at`, `modified_at`) VALUES (:yp0, :yp1, :yp2, :yp3, :yp4).
2012/04/21 04:25:02 [error] [php] PDO::__construct(): [2002] No connection could be made because the target machine actively refused it.
 (trying to connect via tcp://localhost:3306) (C:\xampp\htdocs\work\framework\db\CDbConnection.php:422)
Stack trace:
#0 C:\xampp\htdocs\work\framework\db\CDbConnection.php(331): CDbConnection->open()
#1 C:\xampp\htdocs\work\framework\db\CDbConnection.php(309): CDbConnection->setActive()
#2 C:\xampp\htdocs\work\framework\base\CModule.php(388): CDbConnection->init()
#3 C:\xampp\htdocs\work\framework\base\CModule.php(104): CConsoleApplication->getComponent()
#4 C:\xampp\htdocs\work\data-aggregration\protected\vendors\djjob\DJJobConfig.php(5): CConsoleApplication->__get()
#5 C:\xampp\htdocs\work\data-aggregration\jobrunner.php(15): require_once()

in C:\xampp\htdocs\work\data-aggregration\protected\vendors\djjob\DJJobConfig.php (5)
in C:\xampp\htdocs\work\data-aggregration\jobrunner.php (15)
2012/04/25 12:37:32 [error] [system.db.CDbCommand] CDbCommand::execute() failed: SQLSTATE[23000]: Integrity constraint violation: 1048 Column 'Abdo2' cannot be null. The SQL statement executed was: REPLACE INTO tbltestabdominal (testid,abdo,abdo1,abdo2,id) VALUES (?,?,?,?,?).
2012/04/25 12:37:32 [error] [system.db.CDbCommand] CDbCommand::execute() failed: SQLSTATE[23000]: Integrity constraint violation: 1048 Column 'Abdo2' cannot be null. The SQL statement executed was: REPLACE INTO tbltestabdominal (testid,abdo,abdo1,abdo2,id) VALUES (?,?,?,?,?).
2012/04/25 12:40:18 [error] [system.db.CDbCommand] CDbCommand::execute() failed: SQLSTATE[23000]: Integrity constraint violation: 1048 Column 'Abdo2' cannot be null. The SQL statement executed was: REPLACE INTO tbltestabdominal (testid,abdo,abdo1,abdo2,id) VALUES (?,?,?,?,?).
2012/04/25 12:40:18 [error] [system.db.CDbCommand] CDbCommand::execute() failed: SQLSTATE[23000]: Integrity constraint violation: 1048 Column 'Abdo2' cannot be null. The SQL statement executed was: REPLACE INTO tbltestabdominal (testid,abdo,abdo1,abdo2,id) VALUES (?,?,?,?,?).
2012/04/26 06:29:25 [error] [php] include(DJWorker.php): failed to open stream: No such file or directory (C:\xampp\htdocs\work\framework\YiiBase.php:418)
Stack trace:
#0 C:\xampp\htdocs\work\data-aggregration\jobrunner.php(20): spl_autoload_call()

in C:\xampp\htdocs\work\data-aggregration\jobrunner.php (20)
2012/04/26 06:54:33 [error] [php] Undefined index: cliinicID (C:\xampp\htdocs\work\data-aggregration\protected\components\DaImportSequence.php:399)
Stack trace:
#0 C:\xampp\htdocs\work\data-aggregration\protected\components\DaImportSiteJob.php(11): DaImportSequence->start()
#1 C:\xampp\htdocs\work\data-aggregration\protected\vendors\djjob\DJJob.php(245): DaImportSiteJob->perform()
#2 C:\xampp\htdocs\work\data-aggregration\protected\vendors\djjob\DJJob.php(212): DJJob->run()
#3 C:\xampp\htdocs\work\data-aggregration\jobrunner.php(21): DJWorker->start()

in C:\xampp\htdocs\work\data-aggregration\protected\components\DaImportSequence.php (399)
in C:\xampp\htdocs\work\data-aggregration\protected\components\DaImportSequence.php (198)
in C:\xampp\htdocs\work\data-aggregration\protected\components\DaImportSequence.php (117)
2012/04/27 06:14:13 [error] [php] Object of class ImportSiteHistory could not be converted to string (C:\xampp\htdocs\work\data-aggregration\protected\controllers\ImportSiteHistoryController.php:61)
Stack trace:
#0 C:\xampp\htdocs\work\framework\web\CController.php(287): ImportSiteHistoryController->runAction()
#1 C:\xampp\htdocs\work\framework\web\CController.php(266): ImportSiteHistoryController->runActionWithFilters()
#2 C:\xampp\htdocs\work\framework\web\CWebApplication.php(276): ImportSiteHistoryController->run()
#3 C:\xampp\htdocs\work\framework\web\CWebApplication.php(135): CWebApplication->runController()
#4 C:\xampp\htdocs\work\framework\base\CApplication.php(162): CWebApplication->processRequest()
#5 C:\xampp\htdocs\work\data-aggregration\index.php(13): CWebApplication->run()
REQUEST_URI=/work/data-aggregration/index.php/importsitehistory/import?siteconfig_id=2
in C:\xampp\htdocs\work\data-aggregration\protected\controllers\ImportSiteHistoryController.php (61)
in C:\xampp\htdocs\work\data-aggregration\index.php (13)
2012/04/27 06:34:48 [error] [php] Object of class ImportSiteHistory could not be converted to string (C:\xampp\htdocs\work\data-aggregration\protected\controllers\ImportSiteHistoryController.php:61)
Stack trace:
#0 C:\xampp\htdocs\work\framework\web\CController.php(287): ImportSiteHistoryController->runAction()
#1 C:\xampp\htdocs\work\framework\web\CController.php(266): ImportSiteHistoryController->runActionWithFilters()
#2 C:\xampp\htdocs\work\framework\web\CWebApplication.php(276): ImportSiteHistoryController->run()
#3 C:\xampp\htdocs\work\framework\web\CWebApplication.php(135): CWebApplication->runController()
#4 C:\xampp\htdocs\work\framework\base\CApplication.php(162): CWebApplication->processRequest()
#5 C:\xampp\htdocs\work\data-aggregration\index.php(13): CWebApplication->run()
REQUEST_URI=/work/data-aggregration/index.php/importsitehistory/import?siteconfig_id=3
in C:\xampp\htdocs\work\data-aggregration\protected\controllers\ImportSiteHistoryController.php (61)
in C:\xampp\htdocs\work\data-aggregration\index.php (13)
2012/04/27 06:35:15 [error] [php] Undefined index: siteconfig_id (C:\xampp\htdocs\work\data-aggregration\protected\controllers\ImportSiteHistoryController.php:57)
Stack trace:
#0 C:\xampp\htdocs\work\framework\web\CController.php(287): ImportSiteHistoryController->runAction()
#1 C:\xampp\htdocs\work\framework\web\CController.php(266): ImportSiteHistoryController->runActionWithFilters()
#2 C:\xampp\htdocs\work\framework\web\CWebApplication.php(276): ImportSiteHistoryController->run()
#3 C:\xampp\htdocs\work\framework\web\CWebApplication.php(135): CWebApplication->runController()
#4 C:\xampp\htdocs\work\framework\base\CApplication.php(162): CWebApplication->processRequest()
#5 C:\xampp\htdocs\work\data-aggregration\index.php(13): CWebApplication->run()
REQUEST_URI=/work/data-aggregration/index.php/importsitehistory/import
in C:\xampp\htdocs\work\data-aggregration\protected\controllers\ImportSiteHistoryController.php (57)
in C:\xampp\htdocs\work\data-aggregration\index.php (13)
2012/04/27 06:39:26 [error] [php] Creating default object from empty value (C:\xampp\htdocs\work\data-aggregration\protected\controllers\ImportSiteHistoryController.php:79)
Stack trace:
#0 C:\xampp\htdocs\work\framework\web\CController.php(287): ImportSiteHistoryController->runAction()
#1 C:\xampp\htdocs\work\framework\web\CController.php(266): ImportSiteHistoryController->runActionWithFilters()
#2 C:\xampp\htdocs\work\framework\web\CWebApplication.php(276): ImportSiteHistoryController->run()
#3 C:\xampp\htdocs\work\framework\web\CWebApplication.php(135): CWebApplication->runController()
#4 C:\xampp\htdocs\work\framework\base\CApplication.php(162): CWebApplication->processRequest()
#5 C:\xampp\htdocs\work\data-aggregration\index.php(13): CWebApplication->run()
REQUEST_URI=/work/data-aggregration/index.php/importsitehistory/import?siteconfig_id=2
in C:\xampp\htdocs\work\data-aggregration\protected\controllers\ImportSiteHistoryController.php (79)
in C:\xampp\htdocs\work\data-aggregration\index.php (13)
2012/04/27 06:41:29 [error] [php] Creating default object from empty value (C:\xampp\htdocs\work\data-aggregration\protected\controllers\ImportSiteHistoryController.php:80)
Stack trace:
#0 C:\xampp\htdocs\work\framework\web\CController.php(287): ImportSiteHistoryController->runAction()
#1 C:\xampp\htdocs\work\framework\web\CController.php(266): ImportSiteHistoryController->runActionWithFilters()
#2 C:\xampp\htdocs\work\framework\web\CWebApplication.php(276): ImportSiteHistoryController->run()
#3 C:\xampp\htdocs\work\framework\web\CWebApplication.php(135): CWebApplication->runController()
#4 C:\xampp\htdocs\work\framework\base\CApplication.php(162): CWebApplication->processRequest()
#5 C:\xampp\htdocs\work\data-aggregration\index.php(13): CWebApplication->run()
REQUEST_URI=/work/data-aggregration/index.php/importsitehistory/import?siteconfig_id=3
in C:\xampp\htdocs\work\data-aggregration\protected\controllers\ImportSiteHistoryController.php (80)
in C:\xampp\htdocs\work\data-aggregration\index.php (13)
2012/04/27 06:54:45 [error] [php] Undefined property: DaImportSequence::$site (C:\xampp\htdocs\work\data-aggregration\protected\components\DaImportSequence.php:113)
Stack trace:
#0 C:\xampp\htdocs\work\data-aggregration\protected\vendors\djjob\DJJob.php(224): DJJob->run()
#1 C:\xampp\htdocs\work\data-aggregration\jobrunner.php(22): DJWorker->start()

in C:\xampp\htdocs\work\data-aggregration\protected\components\DaImportSequence.php (113)
in C:\xampp\htdocs\work\data-aggregration\protected\components\DaImportSiteJob.php (13)
in C:\xampp\htdocs\work\data-aggregration\protected\vendors\djjob\DJJob.php (257)
2012/04/27 07:04:40 [error] [php] unserialize() [<a href='function.unserialize'>function.unserialize</a>]: Error at offset 65532 of 65535 bytes (C:\xampp\htdocs\work\data-aggregration\protected\views\rejectPatient\index.php:52)
Stack trace:
#0 C:\xampp\htdocs\work\framework\web\CBaseController.php(96): RejectPatientController->renderInternal()
#1 C:\xampp\htdocs\work\framework\web\CController.php(870): RejectPatientController->renderFile()
#2 C:\xampp\htdocs\work\framework\web\CController.php(783): RejectPatientController->renderPartial()
#3 C:\xampp\htdocs\work\data-aggregration\protected\controllers\RejectPatientController.php(20): RejectPatientController->render()
#4 C:\xampp\htdocs\work\framework\web\actions\CInlineAction.php(50): RejectPatientController->actionIndex()
#5 C:\xampp\htdocs\work\framework\web\CController.php(309): CInlineAction->runWithParams()
#6 C:\xampp\htdocs\work\framework\web\CController.php(287): RejectPatientController->runAction()
#7 C:\xampp\htdocs\work\framework\web\CController.php(266): RejectPatientController->runActionWithFilters()
#8 C:\xampp\htdocs\work\framework\web\CWebApplication.php(276): RejectPatientController->run()
#9 C:\xampp\htdocs\work\framework\web\CWebApplication.php(135): CWebApplication->runController()
#10 C:\xampp\htdocs\work\framework\base\CApplication.php(162): CWebApplication->processRequest()
#11 C:\xampp\htdocs\work\data-aggregration\index.php(13): CWebApplication->run()
REQUEST_URI=/work/data-aggregration/index.php/rejectpatient/index?import_site_history_id=63
in C:\xampp\htdocs\work\data-aggregration\protected\views\rejectPatient\index.php (52)
in C:\xampp\htdocs\work\data-aggregration\protected\controllers\RejectPatientController.php (20)
in C:\xampp\htdocs\work\data-aggregration\index.php (13)
2012/04/27 08:29:39 [error] [php] Undefined property: ImportSiteHistory::$info (C:\xampp\htdocs\work\data-aggregration\protected\models\ImportSiteHistory.php:60)
Stack trace:
#0 C:\xampp\htdocs\work\data-aggregration\protected\models\ImportSiteHistory.php(60): ImportSiteHistory->__get()
#1 C:\xampp\htdocs\work\data-aggregration\protected\views\importsitehistory\index.php(40): ImportSiteHistory->getInfo()
#2 C:\xampp\htdocs\work\framework\web\CBaseController.php(127): require()
#3 C:\xampp\htdocs\work\framework\web\CBaseController.php(96): ImportSiteHistoryController->renderInternal()
#4 C:\xampp\htdocs\work\framework\web\CController.php(870): ImportSiteHistoryController->renderFile()
#5 C:\xampp\htdocs\work\framework\web\CController.php(783): ImportSiteHistoryController->renderPartial()
#6 C:\xampp\htdocs\work\data-aggregration\protected\controllers\ImportSiteHistoryController.php(26): ImportSiteHistoryController->render()
#7 C:\xampp\htdocs\work\framework\web\actions\CInlineAction.php(50): ImportSiteHistoryController->actionIndex()
#8 C:\xampp\htdocs\work\framework\web\CController.php(309): CInlineAction->runWithParams()
#9 C:\xampp\htdocs\work\framework\web\CController.php(287): ImportSiteHistoryController->runAction()
#10 C:\xampp\htdocs\work\framework\web\CController.php(266): ImportSiteHistoryController->runActionWithFilters()
#11 C:\xampp\htdocs\work\framework\web\CWebApplication.php(276): ImportSiteHistoryController->run()
#12 C:\xampp\htdocs\work\framework\web\CWebApplication.php(135): CWebApplication->runController()
#13 C:\xampp\htdocs\work\framework\base\CApplication.php(162): CWebApplication->processRequest()
#14 C:\xampp\htdocs\work\data-aggregration\index.php(13): CWebApplication->run()
REQUEST_URI=/work/data-aggregration/index.php/importsitehistory/index?siteconfig_id=3
in C:\xampp\htdocs\work\data-aggregration\protected\models\ImportSiteHistory.php (60)
in C:\xampp\htdocs\work\data-aggregration\protected\models\ImportSiteHistory.php (60)
in C:\xampp\htdocs\work\data-aggregration\protected\views\importsitehistory\index.php (40)
